2018-04-13 12:24:47,766 [Worker-6] INFO  c.g.t.t.d.PublishedGradleVersions - Gradle version information cache is up-to-date. Trying to read.
2018-04-13 12:26:55,652 [Worker-2] INFO  c.g.t.t.d.PublishedGradleVersions - Gradle version information cache is up-to-date. Trying to read.
2018-04-13 12:27:27,907 [Worker-4] INFO  c.g.t.t.d.PublishedGradleVersions - Gradle version information cache is up-to-date. Trying to read.
2018-04-13 12:43:52,029 [Worker-6] INFO  c.g.t.t.d.PublishedGradleVersions - Gradle version information cache is up-to-date. Trying to read.
2018-04-13 12:45:47,409 [Worker-7] INFO  c.g.t.t.d.PublishedGradleVersions - Gradle version information cache is up-to-date. Trying to read.
2018-04-13 12:49:19,285 [Worker-14] INFO  o.e.m.c.i.l.LifecycleMappingFactory - Using DEFAULT lifecycle mapping for MavenProject: com.aleph.garuda:StagGarudaALMSV2:1.0-SNAPSHOT @ /Users/setyoresmiprobowati/EclipseWorkspace/garuda-adapter-v2/pom.xml.
2018-04-13 12:49:19,285 [Worker-11] INFO  o.e.m.c.i.l.LifecycleMappingFactory - Using DEFAULT lifecycle mapping for MavenProject: com.aleph.garuda:StagGarudaALMSV2:1.0-SNAPSHOT @ /Users/setyoresmiprobowati/EclipseWorkspace/garuda-adapter-v2/pom.xml.
2018-04-13 12:49:20,043 [Worker-14] INFO  o.e.m.c.i.embedder.EclipseLogger - Using 'UTF-8' encoding to copy filtered resources.
2018-04-13 12:49:20,044 [Worker-14] INFO  o.e.m.c.i.embedder.EclipseLogger - skip non existing resourceDirectory /Users/setyoresmiprobowati/EclipseWorkspace/garuda-adapter-v2/src/main/resources
2018-04-13 12:49:20,046 [Worker-14] INFO  o.e.m.c.i.embedder.EclipseLogger - Using 'UTF-8' encoding to copy filtered resources.
2018-04-13 12:49:20,046 [Worker-14] INFO  o.e.m.c.i.embedder.EclipseLogger - skip non existing resourceDirectory /Users/setyoresmiprobowati/EclipseWorkspace/garuda-adapter-v2/src/test/resources
2018-04-13 12:49:21,863 [Worker-14] INFO  o.e.m.c.i.l.LifecycleMappingFactory - Using DEFAULT lifecycle mapping for MavenProject: com.aleph.garuda:StagGarudaALMSV2:1.0-SNAPSHOT @ /Users/setyoresmiprobowati/EclipseWorkspace/garuda-adapter-v2/pom.xml.
2018-04-13 12:49:23,154 [Worker-6] INFO  o.e.m.c.i.embedder.EclipseLogger - Using 'UTF-8' encoding to copy filtered resources.
2018-04-13 12:49:23,154 [Worker-6] INFO  o.e.m.c.i.embedder.EclipseLogger - skip non existing resourceDirectory /Users/setyoresmiprobowati/EclipseWorkspace/garuda-adapter-v2/src/main/resources
2018-04-13 12:49:23,156 [Worker-6] INFO  o.e.m.c.i.embedder.EclipseLogger - Using 'UTF-8' encoding to copy filtered resources.
2018-04-13 12:49:23,156 [Worker-6] INFO  o.e.m.c.i.embedder.EclipseLogger - skip non existing resourceDirectory /Users/setyoresmiprobowati/EclipseWorkspace/garuda-adapter-v2/src/test/resources
2018-04-13 12:58:40,276 [Framework stop] ERROR o.e.m.c.i.p.r.ProjectRegistryReader - Can't write workspace state
java.io.FileNotFoundException: /Users/setyoresmiprobowati/EclipseWorkspace/BasicJava/.metadata/.plugins/org.eclipse.m2e.core/workspaceState.ser (No such file or directory)
	at java.io.FileOutputStream.open0(Native Method) ~[na:1.8.0_131]
	at java.io.FileOutputStream.open(FileOutputStream.java:270) ~[na:1.8.0_131]
	at java.io.FileOutputStream.<init>(FileOutputStream.java:213) ~[na:1.8.0_131]
	at java.io.FileOutputStream.<init>(FileOutputStream.java:162) ~[na:1.8.0_131]
	at org.eclipse.m2e.core.internal.project.registry.ProjectRegistryReader.writeWorkspaceState(ProjectRegistryReader.java:127) ~[org.eclipse.m2e.core_1.8.2.20171007-0217.jar:na]
	at org.eclipse.m2e.core.internal.project.registry.ProjectRegistryManager.writeWorkspaceState(ProjectRegistryManager.java:935) [org.eclipse.m2e.core_1.8.2.20171007-0217.jar:na]
	at org.eclipse.m2e.core.internal.MavenPluginActivator.stop(MavenPluginActivator.java:296) [org.eclipse.m2e.core_1.8.2.20171007-0217.jar:na]
	at org.eclipse.osgi.internal.framework.BundleContextImpl$4.run(BundleContextImpl.java:835) [org.eclipse.osgi_3.12.50.v20170928-1321.jar:na]
	at org.eclipse.osgi.internal.framework.BundleContextImpl$4.run(BundleContextImpl.java:1) [org.eclipse.osgi_3.12.50.v20170928-1321.jar:na]
	at java.security.AccessController.doPrivileged(Native Method) [na:1.8.0_131]
	at org.eclipse.osgi.internal.framework.BundleContextImpl.stop(BundleContextImpl.java:828) [org.eclipse.osgi_3.12.50.v20170928-1321.jar:na]
	at org.eclipse.osgi.internal.framework.EquinoxBundle.stopWorker0(EquinoxBundle.java:947) [org.eclipse.osgi_3.12.50.v20170928-1321.jar:na]
	at org.eclipse.osgi.internal.framework.EquinoxBundle$EquinoxModule.stopWorker(EquinoxBundle.java:314) [org.eclipse.osgi_3.12.50.v20170928-1321.jar:na]
	at org.eclipse.osgi.container.Module.doStop(Module.java:636) [org.eclipse.osgi_3.12.50.v20170928-1321.jar:na]
	at org.eclipse.osgi.container.Module.stop(Module.java:498) [org.eclipse.osgi_3.12.50.v20170928-1321.jar:na]
	at org.eclipse.osgi.container.ModuleContainer$ContainerStartLevel.decStartLevel(ModuleContainer.java:1675) [org.eclipse.osgi_3.12.50.v20170928-1321.jar:na]
	at org.eclipse.osgi.container.ModuleContainer$ContainerStartLevel.doContainerStartLevel(ModuleContainer.java:1594) [org.eclipse.osgi_3.12.50.v20170928-1321.jar:na]
	at org.eclipse.osgi.container.SystemModule.stopWorker(SystemModule.java:270) [org.eclipse.osgi_3.12.50.v20170928-1321.jar:na]
	at org.eclipse.osgi.internal.framework.EquinoxBundle$SystemBundle$EquinoxSystemModule.stopWorker(EquinoxBundle.java:147) [org.eclipse.osgi_3.12.50.v20170928-1321.jar:na]
	at org.eclipse.osgi.container.Module.doStop(Module.java:636) [org.eclipse.osgi_3.12.50.v20170928-1321.jar:na]
	at org.eclipse.osgi.container.Module.stop(Module.java:498) [org.eclipse.osgi_3.12.50.v20170928-1321.jar:na]
	at org.eclipse.osgi.container.SystemModule.stop(SystemModule.java:202) [org.eclipse.osgi_3.12.50.v20170928-1321.jar:na]
	at org.eclipse.osgi.internal.framework.EquinoxBundle$SystemBundle$EquinoxSystemModule$1.run(EquinoxBundle.java:165) [org.eclipse.osgi_3.12.50.v20170928-1321.jar:na]
	at java.lang.Thread.run(Thread.java:748) [na:1.8.0_131]
